0 info it worked if it ends with ok
1 verbose cli [ '/usr/local/bin/node',
1 verbose cli   '/usr/local/bin/npm',
1 verbose cli   'run',
1 verbose cli   'precommit' ]
2 info using npm@3.10.10
3 info using node@v6.9.5
4 verbose run-script [ 'precommit' ]
5 info lifecycle jquery@3.2.1~precommit: jquery@3.2.1
6 verbose lifecycle jquery@3.2.1~precommit: unsafe-perm in lifecycle true
7 verbose lifecycle jquery@3.2.1~precommit: PATH: /usr/local/lib/node_modules/npm/bin/node-gyp-bin:/Users/alabhyafarkiya/Desktop/PersonalWebsite/assets/plugins/jquery/node_modules/.bin:/Library/Developer/CommandLineTools/usr/libexec/git-core:/usr/local/bin:/usr/bin:/bin:/usr/sbin:/sbin:/opt/X11/bin
8 verbose lifecycle jquery@3.2.1~precommit: CWD: /Users/alabhyafarkiya/Desktop/PersonalWebsite/assets/plugins/jquery
9 silly lifecycle jquery@3.2.1~precommit: Args: [ '-c', 'grunt lint:newer' ]
10 silly lifecycle jquery@3.2.1~precommit: Returned: code: 3  signal: null
11 info lifecycle jquery@3.2.1~precommit: Failed to exec precommit script
12 verbose stack Error: jquery@3.2.1 precommit: `grunt lint:newer`
12 verbose stack Exit status 3
12 verbose stack     at EventEmitter.<anonymous> (/usr/local/lib/node_modules/npm/lib/utils/lifecycle.js:255:16)
12 verbose stack     at emitTwo (events.js:106:13)
12 verbose stack     at EventEmitter.emit (events.js:191:7)
12 verbose stack     at ChildProcess.<anonymous> (/usr/local/lib/node_modules/npm/lib/utils/spawn.js:40:14)
12 verbose stack     at emitTwo (events.js:106:13)
12 verbose stack     at ChildProcess.emit (events.js:191:7)
12 verbose stack     at maybeClose (internal/child_process.js:877:16)
12 verbose stack     at Process.ChildProcess._handle.onexit (internal/child_process.js:226:5)
13 verbose pkgid jquery@3.2.1
14 verbose cwd /Users/alabhyafarkiya/Desktop/PersonalWebsite/assets/plugins/jquery
15 error Darwin 16.6.0
16 error argv "/usr/local/bin/node" "/usr/local/bin/npm" "run" "precommit"
17 error node v6.9.5
18 error npm  v3.10.10
19 error code ELIFECYCLE
20 error jquery@3.2.1 precommit: `grunt lint:newer`
20 error Exit status 3
21 error Failed at the jquery@3.2.1 precommit script 'grunt lint:newer'.
21 error Make sure you have the latest version of node.js and npm installed.
21 error If you do, this is most likely a problem with the jquery package,
21 error not with npm itself.
21 error Tell the author that this fails on your system:
21 error     grunt lint:newer
21 error You can get information on how to open an issue for this project with:
21 error     npm bugs jquery
21 error Or if that isn't available, you can get their info via:
21 error     npm owner ls jquery
21 error There is likely additional logging output above.
22 verbose exit [ 1, true ]
